Change Component Designator: Old Designator=C1 New Designator=C2
Change Component Designator: Old Designator=C3 New Designator=C4
Change Component Designator: Old Designator=C4 New Designator=C5
Change Component Designator: Old Designator=C6 New Designator=C8
Change Component Designator: Old Designator=C7 New Designator=C9
Change Component Designator: Old Designator=C8 New Designator=C10
Change Component Designator: Old Designator=C10 New Designator=C12
Change Component Designator: Old Designator=C11 New Designator=C13
Change Component Designator: Old Designator=C12 New Designator=C14
Change Component Designator: Old Designator=C14 New Designator=C18
Change Component Designator: Old Designator=C? New Designator=C1
Change Component Designator: Old Designator=C? New Designator=C3
Change Component Designator: Old Designator=C? New Designator=C6
Change Component Designator: Old Designator=C? New Designator=C7
Change Component Designator: Old Designator=C? New Designator=C11
Change Component Designator: Old Designator=C? New Designator=C16
Change Component Designator: Old Designator=C? New Designator=C17
Change Component Designator: Old Designator=D5 New Designator=D6
Change Component Designator: Old Designator=D6 New Designator=D5
Change Component Designator: Old Designator=P10 New Designator=P12
Change Component Designator: Old Designator=P11 New Designator=P10
Change Component Designator: Old Designator=P12 New Designator=P11
Change Component Designator: Old Designator=R10 New Designator=R21
Change Component Designator: Old Designator=R11 New Designator=R10
Change Component Designator: Old Designator=R12 New Designator=R11
Change Component Designator: Old Designator=R13 New Designator=R12
Change Component Designator: Old Designator=R14 New Designator=R22
Change Component Designator: Old Designator=R15 New Designator=R23
Change Component Designator: Old Designator=R16 New Designator=R24
Change Component Designator: Old Designator=R17 New Designator=R25
Change Component Designator: Old Designator=R18 New Designator=R26
Change Component Designator: Old Designator=R19 New Designator=R27
Change Component Designator: Old Designator=R20 New Designator=R30
Change Component Designator: Old Designator=R21 New Designator=R18
Change Component Designator: Old Designator=R22 New Designator=R19
Change Component Designator: Old Designator=R23 New Designator=R20
Change Component Designator: Old Designator=R24 New Designator=R13
Change Component Designator: Old Designator=R25 New Designator=R14
Change Component Designator: Old Designator=R26 New Designator=R15
Change Component Designator: Old Designator=R27 New Designator=R16
Change Component Designator: Old Designator=R28 New Designator=R17
Change Component Designator: Old Designator=R29 New Designator=R28
Change Component Designator: Old Designator=R30 New Designator=R29
Change Component Designator: Old Designator=S2 New Designator=S7
Change Component Designator: Old Designator=S3 New Designator=S8
Change Component Designator: Old Designator=S4 New Designator=S2
Change Component Designator: Old Designator=S5 New Designator=S3
Change Component Designator: Old Designator=S6 New Designator=S4
Change Component Designator: Old Designator=S7 New Designator=S5
Change Component Designator: Old Designator=S8 New Designator=S6
Change Component Designator: Old Designator=U9 New Designator=U17
Change Component Designator: Old Designator=U10 New Designator=U9
Change Component Designator: Old Designator=U11 New Designator=U10
Change Component Designator: Old Designator=U12 New Designator=U11
Change Component Designator: Old Designator=U13 New Designator=U12
Change Component Designator: Old Designator=U14 New Designator=U13
Change Component Designator: Old Designator=U17 New Designator=U14
