Removed Pin From Net: NetName=VCC-5V Pin=P5-1
Removed Pin From Net: NetName=GND Pin=P5-3
Removed Pin From Net: NetName=GND Pin=P6-1
Removed Pin From Net: NetName=VCC-5V Pin=P6-3
Removed Member From Class: ClassName=Controller Member=P5
Removed Member From Class: ClassName=Controller Member=P6
Added Component: Designator=J?(H3-2.54)
Added Component: Designator=J?(H3-2.54)
Added Pin To Net: NetName=GND Pin=J?-1
Added Pin To Net: NetName=GND Pin=J?-1
Added Pin To Net: NetName=VCC-5V Pin=J?-3
Added Pin To Net: NetName=VCC-5V Pin=J?-3
Added Pin To Net: NetName=CS-K Pin=U18-6
Added Pin To Net: NetName=NetJ?_2 Pin=J?-2
Added Pin To Net: NetName=NetJ?_2 Pin=U1-4
Added Net: Name=NetJ?_2
Added Member To Class: ClassName=Controller Member=Component J? ADR0
Added Member To Class: ClassName=Controller Member=Component J? ADR1
Change Rule Scope 1 : Old Scope=InNet('NetJ7_2') New Scope=InNet('S-IN')
Change Rule Scope 1 : Old Scope=InNet('S-IN') New Scope=InNet('NetJ8_2')
